Deleted old collection
Created collection
Parsed 54801 words
Batch 0-500 done in 0.14s (total 0.1s)
Batch 500-1000 done in 0.13s (total 0.3s)
Batch 1000-1500 done in 0.08s (total 0.4s)
Batch 1500-2000 done in 0.15s (total 0.5s)
Batch 2000-2500 done in 0.09s (total 0.6s)
Batch 2500-3000 done in 0.18s (total 0.8s)
Batch 3000-3500 done in 0.09s (total 0.9s)
Batch 3500-4000 done in 0.20s (total 1.1s)
Batch 4000-4500 done in 0.09s (total 1.1s)
Batch 4500-5000 done in 0.21s (total 1.4s)
Batch 5000-5500 done in 0.09s (total 1.5s)
Batch 5500-6000 done in 0.23s (total 1.7s)
Batch 6000-6500 done in 0.10s (total 1.8s)
Batch 6500-7000 done in 0.25s (total 2.0s)
Batch 7000-7500 done in 0.10s (total 2.1s)
Batch 7500-8000 done in 0.25s (total 2.4s)
Batch 8000-8500 done in 0.10s (total 2.5s)
Batch 8500-9000 done in 0.26s (total 2.8s)
Batch 9000-9500 done in 0.10s (total 2.9s)
Batch 9500-10000 done in 0.27s (total 3.1s)
Batch 10000-10500 done in 0.11s (total 3.2s)
Batch 10500-11000 done in 0.28s (total 3.5s)
Batch 11000-11500 done in 0.11s (total 3.6s)
Batch 11500-12000 done in 0.28s (total 3.9s)
Batch 12000-12500 done in 0.11s (total 4.0s)
Batch 12500-13000 done in 0.31s (total 4.3s)
Batch 13000-13500 done in 0.12s (total 4.4s)
Batch 13500-14000 done in 0.29s (total 4.7s)
Batch 14000-14500 done in 0.11s (total 4.8s)
Batch 14500-15000 done in 0.30s (total 5.2s)
Batch 15000-15500 done in 0.12s (total 5.3s)
Batch 15500-16000 done in 0.31s (total 5.6s)
Batch 16000-16500 done in 0.12s (total 5.7s)
Batch 16500-17000 done in 0.31s (total 6.0s)
Batch 17000-17500 done in 0.12s (total 6.1s)
Batch 17500-18000 done in 0.31s (total 6.4s)
Batch 18000-18500 done in 0.12s (total 6.6s)
Batch 18500-19000 done in 0.33s (total 6.9s)
Batch 19000-19500 done in 0.12s (total 7.0s)
Batch 19500-20000 done in 0.32s (total 7.3s)
Batch 20000-20500 done in 0.12s (total 7.5s)
Batch 20500-21000 done in 0.33s (total 7.8s)
Batch 21000-21500 done in 0.13s (total 7.9s)
Batch 21500-22000 done in 0.33s (total 8.2s)
Batch 22000-22500 done in 0.13s (total 8.4s)
Batch 22500-23000 done in 0.34s (total 8.7s)
Batch 23000-23500 done in 0.13s (total 8.8s)
Batch 23500-24000 done in 0.34s (total 9.2s)
Batch 24000-24500 done in 0.12s (total 9.3s)
Batch 24500-25000 done in 0.32s (total 9.6s)
Batch 25000-25500 done in 0.13s (total 9.8s)
Batch 25500-26000 done in 0.35s (total 10.1s)
Batch 26000-26500 done in 0.13s (total 10.2s)
Batch 26500-27000 done in 0.35s (total 10.6s)
Batch 27000-27500 done in 0.13s (total 10.7s)
Batch 27500-28000 done in 0.35s (total 11.1s)
Batch 28000-28500 done in 0.12s (total 11.2s)
Batch 28500-29000 done in 0.36s (total 11.6s)
Batch 29000-29500 done in 0.14s (total 11.7s)
Batch 29500-30000 done in 0.40s (total 12.1s)
Batch 30000-30500 done in 0.15s (total 12.2s)
Batch 30500-31000 done in 0.37s (total 12.6s)
Batch 31000-31500 done in 0.14s (total 12.8s)
Batch 31500-32000 done in 0.39s (total 13.1s)
Batch 32000-32500 done in 0.14s (total 13.3s)
Batch 32500-33000 done in 0.36s (total 13.6s)
Batch 33000-33500 done in 0.14s (total 13.8s)
Batch 33500-34000 done in 0.39s (total 14.2s)
Batch 34000-34500 done in 0.12s (total 14.3s)
Batch 34500-35000 done in 0.38s (total 14.7s)
Batch 35000-35500 done in 0.14s (total 14.8s)
Batch 35500-36000 done in 0.39s (total 15.2s)
Batch 36000-36500 done in 0.15s (total 15.4s)
Batch 36500-37000 done in 0.39s (total 15.8s)
Batch 37000-37500 done in 0.14s (total 15.9s)
Batch 37500-38000 done in 0.38s (total 16.3s)
Batch 38000-38500 done in 0.15s (total 16.4s)
Batch 38500-39000 done in 0.39s (total 16.8s)
Batch 39000-39500 done in 0.15s (total 17.0s)
Batch 39500-40000 done in 0.39s (total 17.3s)
Batch 40000-40500 done in 0.15s (total 17.5s)
Batch 40500-41000 done in 0.40s (total 17.9s)
Batch 41000-41500 done in 0.15s (total 18.0s)
Batch 41500-42000 done in 0.40s (total 18.4s)
Batch 42000-42500 done in 0.15s (total 18.6s)
Batch 42500-43000 done in 0.39s (total 19.0s)
Batch 43000-43500 done in 0.15s (total 19.1s)
Batch 43500-44000 done in 0.40s (total 19.5s)
Batch 44000-44500 done in 0.15s (total 19.7s)
Batch 44500-45000 done in 0.40s (total 20.1s)
Batch 45000-45500 done in 0.14s (total 20.2s)
Batch 45500-46000 done in 0.41s (total 20.6s)
Batch 46000-46500 done in 0.15s (total 20.8s)
Batch 46500-47000 done in 0.40s (total 21.2s)
Batch 47000-47500 done in 0.16s (total 21.3s)
Batch 47500-48000 done in 0.41s (total 21.8s)
Batch 48000-48500 done in 0.14s (total 21.9s)
Batch 48500-49000 done in 0.41s (total 22.3s)
Batch 49000-49500 done in 0.16s (total 22.5s)
Batch 49500-50000 done in 0.43s (total 22.9s)
Batch 50000-50500 done in 0.16s (total 23.1s)
Batch 50500-51000 done in 0.38s (total 23.4s)
Batch 51000-51500 done in 0.15s (total 23.6s)
Batch 51500-52000 done in 0.37s (total 24.0s)
Batch 52000-52500 done in 0.16s (total 24.1s)
Batch 52500-53000 done in 0.43s (total 24.5s)
Batch 53000-53500 done in 0.16s (total 24.7s)
Batch 53500-54000 done in 0.40s (total 25.1s)
Batch 54000-54500 done in 0.16s (total 25.3s)
Batch 54500-54801 done in 0.11s (total 25.4s)
DONE. Total: 54801 entries in 25.4s
